# JRE version: OpenJDK Runtime Environment (8.0_76-b03) (build 1.8.0_76-release-b03)
# Java VM: OpenJDK 64-Bit Server VM (25.76-b03 mixed mode windows-amd64 compressed oops)
Heap:
 PSYoungGen      total 456192K, used 409053K [0x00000000e0000000, 0x0000000100000000, 0x0000000100000000)
  eden space 421376K, 88% used [0x00000000e0000000,0x00000000f6dd6c48,0x00000000f9b80000)
  from space 34816K, 98% used [0x00000000f9b80000,0x00000000fbd20820,0x00000000fbd80000)
  to   space 52736K, 0% used [0x00000000fcc80000,0x00000000fcc80000,0x0000000100000000)
 ParOldGen       total 192000K, used 109833K [0x00000000a0000000, 0x00000000abb80000, 0x00000000e0000000)
  object space 192000K, 57% used [0x00000000a0000000,0x00000000a6b42408,0x00000000abb80000)
 Metaspace       used 73980K, capacity 77256K, committed 77488K, reserved 1116160K
  class space    used 9364K, capacity 10061K, committed 10160K, reserved 1048576K
GC Heap History (10 events):
Event: 549.948 GC heap before
{Heap before GC invocations=35 (full 7):
 PSYoungGen      total 461312K, used 460809K [0x00000000e0000000, 0x0000000100000000, 0x0000000100000000)
  eden space 434176K, 100% used [0x00000000e0000000,0x00000000fa800000,0x00000000fa800000)
  from space 27136K, 98% used [0x00000000fa800000,0x00000000fc2026a8,0x00000000fc280000)
  to   space 45568K, 0% used [0x00000000fd380000,0x00000000fd380000,0x0000000100000000)
 ParOldGen       total 162304K, used 88139K [0x00000000a0000000, 0x00000000a9e80000, 0x00000000e0000000)
  object space 162304K, 54% used [0x00000000a0000000,0x00000000a5612cd8,0x00000000a9e80000)
 Metaspace       used 73925K, capacity 77244K, committed 77488K, reserved 1116160K
  class space    used 9361K, capacity 10059K, committed 10160K, reserved 1048576K
Event: 550.182 GC heap after
Heap after GC invocations=35 (full 7):
 PSYoungGen      total 474624K, used 30097K [0x00000000e0000000, 0x0000000100000000, 0x0000000100000000)
  eden space 429056K, 0% used [0x00000000e0000000,0x00000000e0000000,0x00000000fa300000)
  from space 45568K, 66% used [0x00000000fd380000,0x00000000ff0e47d8,0x0000000100000000)
  to   space 47616K, 0% used [0x00000000fa300000,0x00000000fa300000,0x00000000fd180000)
 ParOldGen       total 162304K, used 100082K [0x00000000a0000000, 0x00000000a9e80000, 0x00000000e0000000)
  object space 162304K, 61% used [0x00000000a0000000,0x00000000a61bc808,0x00000000a9e80000)
 Metaspace       used 73925K, capacity 77244K, committed 77488K, reserved 1116160K
  class space    used 9361K, capacity 10059K, committed 10160K, reserved 1048576K
}
Event: 567.435 GC heap before
{Heap before GC invocations=36 (full 7):
 PSYoungGen      total 474624K, used 459153K [0x00000000e0000000, 0x0000000100000000, 0x0000000100000000)
  eden space 429056K, 100% used [0x00000000e0000000,0x00000000fa300000,0x00000000fa300000)
  from space 45568K, 66% used [0x00000000fd380000,0x00000000ff0e47d8,0x0000000100000000)
  to   space 47616K, 0% used [0x00000000fa300000,0x00000000fa300000,0x00000000fd180000)
 ParOldGen       total 162304K, used 100082K [0x00000000a0000000, 0x00000000a9e80000, 0x00000000e0000000)
  object space 162304K, 61% used [0x00000000a0000000,0x00000000a61bc808,0x00000000a9e80000)
 Metaspace       used 73925K, capacity 77244K, committed 77488K, reserved 1116160K
  class space    used 9361K, capacity 10059K, committed 10160K, reserved 1048576K
Event: 567.708 GC heap after
Heap after GC invocations=36 (full 7):
 PSYoungGen      total 466432K, used 36951K [0x00000000e0000000, 0x0000000100000000, 0x0000000100000000)
  eden space 429056K, 0% used [0x00000000e0000000,0x00000000e0000000,0x00000000fa300000)
  from space 37376K, 98% used [0x00000000fa300000,0x00000000fc715c40,0x00000000fc780000)
  to   space 51712K, 0% used [0x00000000fcd80000,0x00000000fcd80000,0x0000000100000000)
 ParOldGen       total 162304K, used 122781K [0x00000000a0000000, 0x00000000a9e80000, 0x00000000e0000000)
  object space 162304K, 75% used [0x00000000a0000000,0x00000000a77e7658,0x00000000a9e80000)
 Metaspace       used 73925K, capacity 77244K, committed 77488K, reserved 1116160K
  class space    used 9361K, capacity 10059K, committed 10160K, reserved 1048576K
}
Event: 571.755 GC heap before
{Heap before GC invocations=37 (full 7):
 PSYoungGen      total 466432K, used 466007K [0x00000000e0000000, 0x0000000100000000, 0x0000000100000000)
  eden space 429056K, 100% used [0x00000000e0000000,0x00000000fa300000,0x00000000fa300000)
  from space 37376K, 98% used [0x00000000fa300000,0x00000000fc715c40,0x00000000fc780000)
  to   space 51712K, 0% used [0x00000000fcd80000,0x00000000fcd80000,0x0000000100000000)
 ParOldGen       total 162304K, used 122781K [0x00000000a0000000, 0x00000000a9e80000, 0x00000000e0000000)
  object space 162304K, 75% used [0x00000000a0000000,0x00000000a77e7658,0x00000000a9e80000)
 Metaspace       used 73943K, capacity 77244K, committed 77488K, reserved 1116160K
  class space    used 9361K, capacity 10059K, committed 10160K, reserved 1048576K
Event: 571.947 GC heap after
Heap after GC invocations=37 (full 7):
 PSYoungGen      total 473088K, used 27051K [0x00000000e0000000, 0x0000000100000000, 0x0000000100000000)
  eden space 421376K, 0% used [0x00000000e0000000,0x00000000e0000000,0x00000000f9b80000)
  from space 51712K, 52% used [0x00000000fcd80000,0x00000000fe7ead80,0x0000000100000000)
  to   space 51200K, 0% used [0x00000000f9b80000,0x00000000f9b80000,0x00000000fcd80000)
 ParOldGen       total 162304K, used 135357K [0x00000000a0000000, 0x00000000a9e80000, 0x00000000e0000000)
  object space 162304K, 83% used [0x00000000a0000000,0x00000000a842f450,0x00000000a9e80000)
 Metaspace       used 73943K, capacity 77244K, committed 77488K, reserved 1116160K
  class space    used 9361K, capacity 10059K, committed 10160K, reserved 1048576K
}
Event: 571.947 GC heap before
{Heap before GC invocations=38 (full 8):
 PSYoungGen      total 473088K, used 27051K [0x00000000e0000000, 0x0000000100000000, 0x0000000100000000)
  eden space 421376K, 0% used [0x00000000e0000000,0x00000000e0000000,0x00000000f9b80000)
  from space 51712K, 52% used [0x00000000fcd80000,0x00000000fe7ead80,0x0000000100000000)
  to   space 51200K, 0% used [0x00000000f9b80000,0x00000000f9b80000,0x00000000fcd80000)
 ParOldGen       total 162304K, used 135357K [0x00000000a0000000, 0x00000000a9e80000, 0x00000000e0000000)
  object space 162304K, 83% used [0x00000000a0000000,0x00000000a842f450,0x00000000a9e80000)
 Metaspace       used 73943K, capacity 77244K, committed 77488K, reserved 1116160K
  class space    used 9361K, capacity 10059K, committed 10160K, reserved 1048576K
Event: 573.609 GC heap after
Heap after GC invocations=38 (full 8):
 PSYoungGen      total 473088K, used 0K [0x00000000e0000000, 0x0000000100000000, 0x0000000100000000)
  eden space 421376K, 0% used [0x00000000e0000000,0x00000000e0000000,0x00000000f9b80000)
  from space 51712K, 0% used [0x00000000fcd80000,0x00000000fcd80000,0x0000000100000000)
  to   space 51200K, 0% used [0x00000000f9b80000,0x00000000f9b80000,0x00000000fcd80000)
 ParOldGen       total 192000K, used 109833K [0x00000000a0000000, 0x00000000abb80000, 0x00000000e0000000)
  object space 192000K, 57% used [0x00000000a0000000,0x00000000a6b42408,0x00000000abb80000)
 Metaspace       used 73943K, capacity 77244K, committed 77488K, reserved 1116160K
  class space    used 9361K, capacity 10059K, committed 10160K, reserved 1048576K
}
Event: 576.048 GC heap before
{Heap before GC invocations=39 (full 8):
 PSYoungGen      total 473088K, used 421376K [0x00000000e0000000, 0x0000000100000000, 0x0000000100000000)
  eden space 421376K, 100% used [0x00000000e0000000,0x00000000f9b80000,0x00000000f9b80000)
  from space 51712K, 0% used [0x00000000fcd80000,0x00000000fcd80000,0x0000000100000000)
  to   space 51200K, 0% used [0x00000000f9b80000,0x00000000f9b80000,0x00000000fcd80000)
 ParOldGen       total 192000K, used 109833K [0x00000000a0000000, 0x00000000abb80000, 0x00000000e0000000)
  object space 192000K, 57% used [0x00000000a0000000,0x00000000a6b42408,0x00000000abb80000)
 Metaspace       used 73945K, capacity 77244K, committed 77488K, reserved 1116160K
  class space    used 9361K, capacity 10059K, committed 10160K, reserved 1048576K
Event: 576.261 GC heap after
Heap after GC invocations=39 (full 8):
 PSYoungGen      total 456192K, used 34434K [0x00000000e0000000, 0x0000000100000000, 0x0000000100000000)
  eden space 421376K, 0% used [0x00000000e0000000,0x00000000e0000000,0x00000000f9b80000)
  from space 34816K, 98% used [0x00000000f9b80000,0x00000000fbd20820,0x00000000fbd80000)
  to   space 52736K, 0% used [0x00000000fcc80000,0x00000000fcc80000,0x0000000100000000)
 ParOldGen       total 192000K, used 109833K [0x00000000a0000000, 0x00000000abb80000, 0x00000000e0000000)
  object space 192000K, 57% used [0x00000000a0000000,0x00000000a6b42408,0x00000000abb80000)
 Metaspace       used 73945K, capacity 77244K, committed 77488K, reserved 1116160K
  class space    used 9361K, capacity 10059K, committed 10160K, reserved 1048576K
}

