# JRE version: OpenJDK Runtime Environment (8.0_76-b03) (build 1.8.0_76-release-b03)
# Java VM: OpenJDK 64-Bit Server VM (25.76-b03 mixed mode windows-amd64 compressed oops)
Heap:
 PSYoungGen      total 459264K, used 208875K [0x00000000e0000000, 0x0000000100000000, 0x0000000100000000)
  eden space 400384K, 51% used [0x00000000e0000000,0x00000000ec842df0,0x00000000f8700000)
  from space 58880K, 6% used [0x00000000fc000000,0x00000000fc3b8000,0x00000000ff980000)
  to   space 58368K, 0% used [0x00000000f8700000,0x00000000f8700000,0x00000000fc000000)
 ParOldGen       total 168448K, used 74597K [0x00000000a0000000, 0x00000000aa480000, 0x00000000e0000000)
  object space 168448K, 44% used [0x00000000a0000000,0x00000000a48d96d8,0x00000000aa480000)
 Metaspace       used 74013K, capacity 77194K, committed 77440K, reserved 1116160K
  class space    used 9348K, capacity 10024K, committed 10112K, reserved 1048576K
GC Heap History (10 events):
Event: 1076.250 GC heap before
{Heap before GC invocations=48 (full 7):
 PSYoungGen      total 461312K, used 434862K [0x00000000e0000000, 0x0000000100000000, 0x0000000100000000)
  eden space 399360K, 99% used [0x00000000e0000000,0x00000000f8589538,0x00000000f8600000)
  from space 61952K, 58% used [0x00000000fc380000,0x00000000fe6a24d8,0x0000000100000000)
  to   space 62464K, 0% used [0x00000000f8600000,0x00000000f8600000,0x00000000fc300000)
 ParOldGen       total 168448K, used 106118K [0x00000000a0000000, 0x00000000aa480000, 0x00000000e0000000)
  object space 168448K, 62% used [0x00000000a0000000,0x00000000a67a19f0,0x00000000aa480000)
 Metaspace       used 73556K, capacity 76474K, committed 76544K, reserved 1116160K
  class space    used 9308K, capacity 9928K, committed 9984K, reserved 1048576K
Event: 1076.285 GC heap after
Heap after GC invocations=48 (full 7):
 PSYoungGen      total 461824K, used 7231K [0x00000000e0000000, 0x00000000fff80000, 0x0000000100000000)
  eden space 399360K, 0% used [0x00000000e0000000,0x00000000e0000000,0x00000000f8600000)
  from space 62464K, 11% used [0x00000000f8600000,0x00000000f8d0ff18,0x00000000fc300000)
  to   space 61952K, 0% used [0x00000000fc300000,0x00000000fc300000,0x00000000fff80000)
 ParOldGen       total 168448K, used 110344K [0x00000000a0000000, 0x00000000aa480000, 0x00000000e0000000)
  object space 168448K, 65% used [0x00000000a0000000,0x00000000a6bc2320,0x00000000aa480000)
 Metaspace       used 73556K, capacity 76474K, committed 76544K, reserved 1116160K
  class space    used 9308K, capacity 9928K, committed 9984K, reserved 1048576K
}
Event: 1076.709 GC heap before
{Heap before GC invocations=49 (full 7):
 PSYoungGen      total 461824K, used 256844K [0x00000000e0000000, 0x00000000fff80000, 0x0000000100000000)
  eden space 399360K, 62% used [0x00000000e0000000,0x00000000ef3c3130,0x00000000f8600000)
  from space 62464K, 11% used [0x00000000f8600000,0x00000000f8d0ff18,0x00000000fc300000)
  to   space 61952K, 0% used [0x00000000fc300000,0x00000000fc300000,0x00000000fff80000)
 ParOldGen       total 168448K, used 110344K [0x00000000a0000000, 0x00000000aa480000, 0x00000000e0000000)
  object space 168448K, 65% used [0x00000000a0000000,0x00000000a6bc2320,0x00000000aa480000)
 Metaspace       used 73565K, capacity 76474K, committed 76544K, reserved 1116160K
  class space    used 9308K, capacity 9928K, committed 9984K, reserved 1048576K
Event: 1076.720 GC heap after
Heap after GC invocations=49 (full 7):
 PSYoungGen      total 461312K, used 96K [0x00000000e0000000, 0x0000000100000000, 0x0000000100000000)
  eden space 399360K, 0% used [0x00000000e0000000,0x00000000e0000000,0x00000000f8600000)
  from space 61952K, 0% used [0x00000000fc300000,0x00000000fc318000,0x00000000fff80000)
  to   space 62464K, 0% used [0x00000000f8600000,0x00000000f8600000,0x00000000fc300000)
 ParOldGen       total 168448K, used 110762K [0x00000000a0000000, 0x00000000aa480000, 0x00000000e0000000)
  object space 168448K, 65% used [0x00000000a0000000,0x00000000a6c2ab40,0x00000000aa480000)
 Metaspace       used 73565K, capacity 76474K, committed 76544K, reserved 1116160K
  class space    used 9308K, capacity 9928K, committed 9984K, reserved 1048576K
}
Event: 1076.720 GC heap before
{Heap before GC invocations=50 (full 8):
 PSYoungGen      total 461312K, used 96K [0x00000000e0000000, 0x0000000100000000, 0x0000000100000000)
  eden space 399360K, 0% used [0x00000000e0000000,0x00000000e0000000,0x00000000f8600000)
  from space 61952K, 0% used [0x00000000fc300000,0x00000000fc318000,0x00000000fff80000)
  to   space 62464K, 0% used [0x00000000f8600000,0x00000000f8600000,0x00000000fc300000)
 ParOldGen       total 168448K, used 110762K [0x00000000a0000000, 0x00000000aa480000, 0x00000000e0000000)
  object space 168448K, 65% used [0x00000000a0000000,0x00000000a6c2ab40,0x00000000aa480000)
 Metaspace       used 73565K, capacity 76474K, committed 76544K, reserved 1116160K
  class space    used 9308K, capacity 9928K, committed 9984K, reserved 1048576K
Event: 1077.398 GC heap after
Heap after GC invocations=50 (full 8):
 PSYoungGen      total 461312K, used 0K [0x00000000e0000000, 0x0000000100000000, 0x0000000100000000)
  eden space 399360K, 0% used [0x00000000e0000000,0x00000000e0000000,0x00000000f8600000)
  from space 61952K, 0% used [0x00000000fc300000,0x00000000fc300000,0x00000000fff80000)
  to   space 62464K, 0% used [0x00000000f8600000,0x00000000f8600000,0x00000000fc300000)
 ParOldGen       total 168448K, used 58533K [0x00000000a0000000, 0x00000000aa480000, 0x00000000e0000000)
  object space 168448K, 34% used [0x00000000a0000000,0x00000000a3929508,0x00000000aa480000)
 Metaspace       used 73565K, capacity 76474K, committed 76544K, reserved 1116160K
  class space    used 9308K, capacity 9928K, committed 9984K, reserved 1048576K
}
Event: 4865.184 GC heap before
{Heap before GC invocations=51 (full 8):
 PSYoungGen      total 461312K, used 399360K [0x00000000e0000000, 0x0000000100000000, 0x0000000100000000)
  eden space 399360K, 100% used [0x00000000e0000000,0x00000000f8600000,0x00000000f8600000)
  from space 61952K, 0% used [0x00000000fc300000,0x00000000fc300000,0x00000000fff80000)
  to   space 62464K, 0% used [0x00000000f8600000,0x00000000f8600000,0x00000000fc300000)
 ParOldGen       total 168448K, used 58533K [0x00000000a0000000, 0x00000000aa480000, 0x00000000e0000000)
  object space 168448K, 34% used [0x00000000a0000000,0x00000000a3929508,0x00000000aa480000)
 Metaspace       used 73778K, capacity 76854K, committed 77056K, reserved 1116160K
  class space    used 9323K, capacity 9978K, committed 9984K, reserved 1048576K
Event: 4865.251 GC heap after
Heap after GC invocations=51 (full 8):
 PSYoungGen      total 418816K, used 19400K [0x00000000e0000000, 0x00000000ff980000, 0x0000000100000000)
  eden space 399360K, 0% used [0x00000000e0000000,0x00000000e0000000,0x00000000f8600000)
  from space 19456K, 99% used [0x00000000f8600000,0x00000000f98f20e8,0x00000000f9900000)
  to   space 58880K, 0% used [0x00000000fc000000,0x00000000fc000000,0x00000000ff980000)
 ParOldGen       total 168448K, used 58541K [0x00000000a0000000, 0x00000000aa480000, 0x00000000e0000000)
  object space 168448K, 34% used [0x00000000a0000000,0x00000000a392b508,0x00000000aa480000)
 Metaspace       used 73778K, capacity 76854K, committed 77056K, reserved 1116160K
  class space    used 9323K, capacity 9978K, committed 9984K, reserved 1048576K
}
Event: 4884.909 GC heap before
{Heap before GC invocations=52 (full 8):
 PSYoungGen      total 418816K, used 418760K [0x00000000e0000000, 0x00000000ff980000, 0x0000000100000000)
  eden space 399360K, 100% used [0x00000000e0000000,0x00000000f8600000,0x00000000f8600000)
  from space 19456K, 99% used [0x00000000f8600000,0x00000000f98f20e8,0x00000000f9900000)
  to   space 58880K, 0% used [0x00000000fc000000,0x00000000fc000000,0x00000000ff980000)
 ParOldGen       total 168448K, used 58541K [0x00000000a0000000, 0x00000000aa480000, 0x00000000e0000000)
  object space 168448K, 34% used [0x00000000a0000000,0x00000000a392b508,0x00000000aa480000)
 Metaspace       used 73780K, capacity 76854K, committed 77056K, reserved 1116160K
  class space    used 9323K, capacity 9978K, committed 9984K, reserved 1048576K
Event: 4884.948 GC heap after
Heap after GC invocations=52 (full 8):
 PSYoungGen      total 459264K, used 3808K [0x00000000e0000000, 0x0000000100000000, 0x0000000100000000)
  eden space 400384K, 0% used [0x00000000e0000000,0x00000000e0000000,0x00000000f8700000)
  from space 58880K, 6% used [0x00000000fc000000,0x00000000fc3b8000,0x00000000ff980000)
  to   space 58368K, 0% used [0x00000000f8700000,0x00000000f8700000,0x00000000fc000000)
 ParOldGen       total 168448K, used 74597K [0x00000000a0000000, 0x00000000aa480000, 0x00000000e0000000)
  object space 168448K, 44% used [0x00000000a0000000,0x00000000a48d96d8,0x00000000aa480000)
 Metaspace       used 73780K, capacity 76854K, committed 77056K, reserved 1116160K
  class space    used 9323K, capacity 9978K, committed 9984K, reserved 1048576K
}

