# JRE version: OpenJDK Runtime Environment (8.0_76-b03) (build 1.8.0_76-release-b03)
# Java VM: OpenJDK 64-Bit Server VM (25.76-b03 mixed mode windows-amd64 compressed oops)
Heap:
 PSYoungGen      total 388608K, used 297391K [0x00000000e0000000, 0x00000000fd700000, 0x0000000100000000)
  eden space 351744K, 74% used [0x00000000e0000000,0x00000000efe72da8,0x00000000f5780000)
  from space 36864K, 99% used [0x00000000fb300000,0x00000000fd6f9100,0x00000000fd700000)
  to   space 30720K, 0% used [0x00000000f5780000,0x00000000f5780000,0x00000000f7580000)
 ParOldGen       total 103424K, used 65512K [0x00000000a0000000, 0x00000000a6500000, 0x00000000e0000000)
  object space 103424K, 63% used [0x00000000a0000000,0x00000000a3ffa1c8,0x00000000a6500000)
 Metaspace       used 64252K, capacity 65976K, committed 66176K, reserved 1107968K
  class space    used 8127K, capacity 8520K, committed 8576K, reserved 1048576K
GC Heap History (10 events):
Event: 116.832 GC heap before
{Heap before GC invocations=20 (full 3):
 PSYoungGen      total 377344K, used 377327K [0x00000000e0000000, 0x00000000f9600000, 0x0000000100000000)
  eden space 351744K, 100% used [0x00000000e0000000,0x00000000f5780000,0x00000000f5780000)
  from space 25600K, 99% used [0x00000000f7580000,0x00000000f8e7bd80,0x00000000f8e80000)
  to   space 30720K, 0% used [0x00000000f5780000,0x00000000f5780000,0x00000000f7580000)
 ParOldGen       total 101376K, used 50163K [0x00000000a0000000, 0x00000000a6300000, 0x00000000e0000000)
  object space 101376K, 49% used [0x00000000a0000000,0x00000000a30fcf30,0x00000000a6300000)
 Metaspace       used 64146K, capacity 65848K, committed 66176K, reserved 1107968K
  class space    used 8125K, capacity 8520K, committed 8576K, reserved 1048576K
Event: 116.946 GC heap after
Heap after GC invocations=20 (full 3):
 PSYoungGen      total 382464K, used 30690K [0x00000000e0000000, 0x00000000fd700000, 0x0000000100000000)
  eden space 351744K, 0% used [0x00000000e0000000,0x00000000e0000000,0x00000000f5780000)
  from space 30720K, 99% used [0x00000000f5780000,0x00000000f7578900,0x00000000f7580000)
  to   space 36864K, 0% used [0x00000000fb300000,0x00000000fb300000,0x00000000fd700000)
 ParOldGen       total 101376K, used 54279K [0x00000000a0000000, 0x00000000a6300000, 0x00000000e0000000)
  object space 101376K, 53% used [0x00000000a0000000,0x00000000a3501f68,0x00000000a6300000)
 Metaspace       used 64146K, capacity 65848K, committed 66176K, reserved 1107968K
  class space    used 8125K, capacity 8520K, committed 8576K, reserved 1048576K
}
Event: 125.021 GC heap before
{Heap before GC invocations=21 (full 3):
 PSYoungGen      total 382464K, used 382434K [0x00000000e0000000, 0x00000000fd700000, 0x0000000100000000)
  eden space 351744K, 100% used [0x00000000e0000000,0x00000000f5780000,0x00000000f5780000)
  from space 30720K, 99% used [0x00000000f5780000,0x00000000f7578900,0x00000000f7580000)
  to   space 36864K, 0% used [0x00000000fb300000,0x00000000fb300000,0x00000000fd700000)
 ParOldGen       total 101376K, used 54279K [0x00000000a0000000, 0x00000000a6300000, 0x00000000e0000000)
  object space 101376K, 53% used [0x00000000a0000000,0x00000000a3501f68,0x00000000a6300000)
 Metaspace       used 64187K, capacity 65976K, committed 66176K, reserved 1107968K
  class space    used 8126K, capacity 8520K, committed 8576K, reserved 1048576K
Event: 125.345 GC heap after
Heap after GC invocations=21 (full 3):
 PSYoungGen      total 388608K, used 36862K [0x00000000e0000000, 0x00000000fd700000, 0x0000000100000000)
  eden space 351744K, 0% used [0x00000000e0000000,0x00000000e0000000,0x00000000f5780000)
  from space 36864K, 99% used [0x00000000fb300000,0x00000000fd6ff990,0x00000000fd700000)
  to   space 30720K, 0% used [0x00000000f5780000,0x00000000f5780000,0x00000000f7580000)
 ParOldGen       total 101376K, used 79322K [0x00000000a0000000, 0x00000000a6300000, 0x00000000e0000000)
  object space 101376K, 78% used [0x00000000a0000000,0x00000000a4d768d8,0x00000000a6300000)
 Metaspace       used 64187K, capacity 65976K, committed 66176K, reserved 1107968K
  class space    used 8126K, capacity 8520K, committed 8576K, reserved 1048576K
}
Event: 137.650 GC heap before
{Heap before GC invocations=22 (full 3):
 PSYoungGen      total 388608K, used 388606K [0x00000000e0000000, 0x00000000fd700000, 0x0000000100000000)
  eden space 351744K, 100% used [0x00000000e0000000,0x00000000f5780000,0x00000000f5780000)
  from space 36864K, 99% used [0x00000000fb300000,0x00000000fd6ff990,0x00000000fd700000)
  to   space 30720K, 0% used [0x00000000f5780000,0x00000000f5780000,0x00000000f7580000)
 ParOldGen       total 101376K, used 79322K [0x00000000a0000000, 0x00000000a6300000, 0x00000000e0000000)
  object space 101376K, 78% used [0x00000000a0000000,0x00000000a4d768d8,0x00000000a6300000)
 Metaspace       used 64222K, capacity 65976K, committed 66176K, reserved 1107968K
  class space    used 8127K, capacity 8520K, committed 8576K, reserved 1048576K
Event: 137.961 GC heap after
Heap after GC invocations=22 (full 3):
 PSYoungGen      total 382464K, used 30699K [0x00000000e0000000, 0x00000000fd700000, 0x0000000100000000)
  eden space 351744K, 0% used [0x00000000e0000000,0x00000000e0000000,0x00000000f5780000)
  from space 30720K, 99% used [0x00000000f5780000,0x00000000f757ae80,0x00000000f7580000)
  to   space 36864K, 0% used [0x00000000fb300000,0x00000000fb300000,0x00000000fd700000)
 ParOldGen       total 103424K, used 103322K [0x00000000a0000000, 0x00000000a6500000, 0x00000000e0000000)
  object space 103424K, 99% used [0x00000000a0000000,0x00000000a64e6ba8,0x00000000a6500000)
 Metaspace       used 64222K, capacity 65976K, committed 66176K, reserved 1107968K
  class space    used 8127K, capacity 8520K, committed 8576K, reserved 1048576K
}
Event: 137.961 GC heap before
{Heap before GC invocations=23 (full 4):
 PSYoungGen      total 382464K, used 30699K [0x00000000e0000000, 0x00000000fd700000, 0x0000000100000000)
  eden space 351744K, 0% used [0x00000000e0000000,0x00000000e0000000,0x00000000f5780000)
  from space 30720K, 99% used [0x00000000f5780000,0x00000000f757ae80,0x00000000f7580000)
  to   space 36864K, 0% used [0x00000000fb300000,0x00000000fb300000,0x00000000fd700000)
 ParOldGen       total 103424K, used 103322K [0x00000000a0000000, 0x00000000a6500000, 0x00000000e0000000)
  object space 103424K, 99% used [0x00000000a0000000,0x00000000a64e6ba8,0x00000000a6500000)
 Metaspace       used 64222K, capacity 65976K, committed 66176K, reserved 1107968K
  class space    used 8127K, capacity 8520K, committed 8576K, reserved 1048576K
Event: 138.744 GC heap after
Heap after GC invocations=23 (full 4):
 PSYoungGen      total 382464K, used 0K [0x00000000e0000000, 0x00000000fd700000, 0x0000000100000000)
  eden space 351744K, 0% used [0x00000000e0000000,0x00000000e0000000,0x00000000f5780000)
  from space 30720K, 0% used [0x00000000f5780000,0x00000000f5780000,0x00000000f7580000)
  to   space 36864K, 0% used [0x00000000fb300000,0x00000000fb300000,0x00000000fd700000)
 ParOldGen       total 103424K, used 64474K [0x00000000a0000000, 0x00000000a6500000, 0x00000000e0000000)
  object space 103424K, 62% used [0x00000000a0000000,0x00000000a3ef6968,0x00000000a6500000)
 Metaspace       used 64222K, capacity 65976K, committed 66176K, reserved 1107968K
  class space    used 8127K, capacity 8520K, committed 8576K, reserved 1048576K
}
Event: 141.803 GC heap before
{Heap before GC invocations=24 (full 4):
 PSYoungGen      total 382464K, used 351744K [0x00000000e0000000, 0x00000000fd700000, 0x0000000100000000)
  eden space 351744K, 100% used [0x00000000e0000000,0x00000000f5780000,0x00000000f5780000)
  from space 30720K, 0% used [0x00000000f5780000,0x00000000f5780000,0x00000000f7580000)
  to   space 36864K, 0% used [0x00000000fb300000,0x00000000fb300000,0x00000000fd700000)
 ParOldGen       total 103424K, used 64474K [0x00000000a0000000, 0x00000000a6500000, 0x00000000e0000000)
  object space 103424K, 62% used [0x00000000a0000000,0x00000000a3ef6968,0x00000000a6500000)
 Metaspace       used 64226K, capacity 65976K, committed 66176K, reserved 1107968K
  class space    used 8127K, capacity 8520K, committed 8576K, reserved 1048576K
Event: 142.001 GC heap after
Heap after GC invocations=24 (full 4):
 PSYoungGen      total 388608K, used 36836K [0x00000000e0000000, 0x00000000fd700000, 0x0000000100000000)
  eden space 351744K, 0% used [0x00000000e0000000,0x00000000e0000000,0x00000000f5780000)
  from space 36864K, 99% used [0x00000000fb300000,0x00000000fd6f9100,0x00000000fd700000)
  to   space 30720K, 0% used [0x00000000f5780000,0x00000000f5780000,0x00000000f7580000)
 ParOldGen       total 103424K, used 65512K [0x00000000a0000000, 0x00000000a6500000, 0x00000000e0000000)
  object space 103424K, 63% used [0x00000000a0000000,0x00000000a3ffa1c8,0x00000000a6500000)
 Metaspace       used 64226K, capacity 65976K, committed 66176K, reserved 1107968K
  class space    used 8127K, capacity 8520K, committed 8576K, reserved 1048576K
}

